08-24-2017 21:21 +02:00: Server listening on: 3090
08-24-2017 21:21 +02:00: [0mGET /service-worker.js [32m200 [0m13.774 ms - 3152[0m
08-24-2017 21:21 +02:00: [0mGET /service-worker.js [36m304 [0m1.566 ms - -[0m
08-24-2017 21:21 +02:00: [0mPOST /signin [32m200 [0m247.150 ms - 165[0m
08-24-2017 21:21 +02:00: [0mGET /secret [36m304 [0m5.708 ms - -[0m
08-24-2017 21:21 +02:00: [0mGET /secret [33m401 [0m0.885 ms - -[0m
08-24-2017 21:21 +02:00: [0mGET /service-worker.js [36m304 [0m1.074 ms - -[0m
08-24-2017 21:21 +02:00: [0mGET /service-worker.js [36m304 [0m0.309 ms - -[0m
08-24-2017 21:23 +02:00: Server listening on: 3090
08-24-2017 21:23 +02:00: [0mGET /service-worker.js [36m304 [0m8.588 ms - -[0m
08-24-2017 21:23 +02:00: [0mGET /service-worker.js [36m304 [0m0.731 ms - -[0m
08-24-2017 21:23 +02:00: [0mGET /service-worker.js [36m304 [0m0.331 ms - -[0m
08-24-2017 21:49 +02:00: Server listening on: 3090
08-24-2017 21:49 +02:00: [0mGET /service-worker.js [36m304 [0m11.896 ms - -[0m
08-24-2017 21:49 +02:00: [0mGET /favicon.ico [32m200 [0m5.892 ms - 24838[0m
08-24-2017 21:49 +02:00: [0mGET /service-worker.js [36m304 [0m0.672 ms - -[0m
08-24-2017 21:49 +02:00: [0mGET /favicon.ico [32m200 [0m0.907 ms - 24838[0m
08-24-2017 21:49 +02:00: [0mGET / [32m200 [0m1.861 ms - 565[0m
08-24-2017 21:49 +02:00: [0mGET /static/css/main.f8213fe9.css [32m200 [0m4.399 ms - 128546[0m
08-24-2017 21:49 +02:00: [0mGET /static/js/main.5ed0b031.js [32m200 [0m4.129 ms - 360040[0m
08-24-2017 21:49 +02:00: [0mGET /service-worker.js [32m200 [0m1.175 ms - 3152[0m
08-24-2017 21:49 +02:00: [0mGET /favicon.ico [32m200 [0m0.731 ms - 24838[0m
08-24-2017 21:49 +02:00: [0mGET /service-worker.js [36m304 [0m0.289 ms - -[0m
08-24-2017 21:49 +02:00: [0mGET / [32m200 [0m0.404 ms - 565[0m
08-24-2017 21:49 +02:00: [0mGET /static/css/main.f8213fe9.css [32m200 [0m1.020 ms - 128546[0m
[0mGET /static/js/main.5ed0b031.js [32m200 [0m2.070 ms - 360040[0m
08-24-2017 21:49 +02:00: [0mGET /service-worker.js [32m200 [0m0.429 ms - 3152[0m
08-24-2017 21:49 +02:00: [0mGET /favicon.ico [32m200 [0m0.626 ms - 24838[0m
08-24-2017 21:49 +02:00: [0mGET / [32m200 [0m0.428 ms - 565[0m
08-24-2017 21:49 +02:00: [0mGET /static/css/main.f8213fe9.css [32m200 [0m1.934 ms - 128546[0m
08-24-2017 21:49 +02:00: [0mGET /static/js/main.5ed0b031.js [32m200 [0m1.342 ms - 360040[0m
08-24-2017 21:49 +02:00: [0mGET /service-worker.js [32m200 [0m0.456 ms - 3152[0m
08-24-2017 21:49 +02:00: [0mGET /favicon.ico [32m200 [0m0.596 ms - 24838[0m
08-24-2017 21:49 +02:00: [0mGET / [32m200 [0m0.421 ms - 565[0m
08-24-2017 21:49 +02:00: [0mGET /static/css/main.f8213fe9.css [32m200 [0m1.370 ms - 128546[0m
[0mGET /static/js/main.5ed0b031.js [32m200 [0m1.781 ms - 360040[0m
08-24-2017 21:49 +02:00: [0mGET /service-worker.js [32m200 [0m0.428 ms - 3152[0m
08-24-2017 21:49 +02:00: [0mGET /favicon.ico [32m200 [0m0.706 ms - 24838[0m
08-24-2017 21:49 +02:00: [0mGET / [32m200 [0m0.590 ms - 565[0m
08-24-2017 21:49 +02:00: [0mGET /static/css/main.f8213fe9.css [32m200 [0m1.462 ms - 128546[0m
[0mGET /static/js/main.5ed0b031.js [32m200 [0m1.638 ms - 360040[0m
08-24-2017 21:49 +02:00: [0mGET /service-worker.js [32m200 [0m0.553 ms - 3152[0m
08-24-2017 21:49 +02:00: [0mGET /favicon.ico [32m200 [0m0.643 ms - 24838[0m
08-24-2017 21:49 +02:00: [0mGET / [32m200 [0m4.807 ms - 565[0m
08-24-2017 21:49 +02:00: [0mGET /favicon.ico [32m200 [0m2.773 ms - 24838[0m
08-24-2017 21:49 +02:00: [0mGET /static/css/main.f8213fe9.css [32m200 [0m9.844 ms - 128546[0m
08-24-2017 21:49 +02:00: [0mGET /static/js/main.5ed0b031.js [32m200 [0m4.242 ms - 360040[0m
08-24-2017 21:49 +02:00: [0mGET /service-worker.js [32m200 [0m0.884 ms - 3152[0m
08-24-2017 21:49 +02:00: [0mGET /service-worker.js [32m200 [0m0.857 ms - 3152[0m
08-24-2017 21:49 +02:00: [0mGET /static/css/main.f8213fe9.css [36m304 [0m0.914 ms - -[0m
08-24-2017 21:49 +02:00: [0mGET /index.html?_sw-precache=44c3900d944cc83f2c52b20f1ea1d8f8 [32m200 [0m2.464 ms - 565[0m
08-24-2017 21:49 +02:00: [0mGET /static/js/main.5ed0b031.js [36m304 [0m0.785 ms - -[0m
08-24-2017 21:49 +02:00: [0mGET /favicon.ico [36m304 [0m0.596 ms - -[0m
08-24-2017 21:49 +02:00: [0mGET /service-worker.js [36m304 [0m0.502 ms - -[0m
08-24-2017 21:49 +02:00: [0mGET /favicon.ico [36m304 [0m0.664 ms - -[0m
08-24-2017 21:49 +02:00: [0mGET /service-worker.js [36m304 [0m2.011 ms - -[0m
08-24-2017 21:49 +02:00: [0mGET /service-worker.js [36m304 [0m0.538 ms - -[0m
08-24-2017 21:49 +02:00: [0mPOST /signin [32m200 [0m264.050 ms - 165[0m
08-24-2017 21:49 +02:00: [0mGET /secret [32m200 [0m5.765 ms - 41[0m
08-24-2017 21:49 +02:00: [0mGET /favicon.ico [36m304 [0m0.398 ms - -[0m
08-24-2017 21:49 +02:00: [0mGET /service-worker.js [36m304 [0m1.928 ms - -[0m
08-24-2017 21:49 +02:00: [0mGET /secret [36m304 [0m10.670 ms - -[0m
08-24-2017 21:49 +02:00: [0mGET /service-worker.js [36m304 [0m0.419 ms - -[0m
08-24-2017 21:49 +02:00: [0mGET /favicon.ico [36m304 [0m0.402 ms - -[0m
08-24-2017 21:49 +02:00: [0mGET /service-worker.js [36m304 [0m1.109 ms - -[0m
08-24-2017 21:49 +02:00: [0mGET /service-worker.js [36m304 [0m0.410 ms - -[0m
08-24-2017 21:49 +02:00: [0mGET /favicon.ico [36m304 [0m1.297 ms - -[0m
08-24-2017 21:49 +02:00: [0mGET /service-worker.js [36m304 [0m0.475 ms - -[0m
08-24-2017 21:49 +02:00: [0mGET /secret [36m304 [0m3.015 ms - -[0m
08-24-2017 21:49 +02:00: [0mGET /service-worker.js [36m304 [0m0.490 ms - -[0m
08-24-2017 21:50 +02:00: [0mGET /favicon.ico [36m304 [0m0.391 ms - -[0m
08-24-2017 21:50 +02:00: [0mGET /secret [36m304 [0m5.041 ms - -[0m
08-24-2017 21:50 +02:00: [0mGET /service-worker.js [36m304 [0m1.304 ms - -[0m
08-24-2017 21:50 +02:00: [0mGET /service-worker.js [36m304 [0m0.427 ms - -[0m
08-24-2017 21:50 +02:00: [0mGET /static/css/main.f8213fe9.css [36m304 [0m0.285 ms - -[0m
08-24-2017 21:50 +02:00: [0mGET /static/css/main.f8213fe9.css.map [32m200 [0m1.121 ms - 175141[0m
08-24-2017 21:50 +02:00: [0mGET /static/js/main.5ed0b031.js.map [32m200 [0m1.642 ms - 3350478[0m
08-24-2017 21:50 +02:00: [0mGET /service-worker.js [32m200 [0m0.822 ms - 3152[0m
08-24-2017 21:50 +02:00: [0mGET /static/css/main.f8213fe9.css.map [32m200 [0m0.818 ms - 175141[0m
08-24-2017 21:50 +02:00: [0mGET /static/js/main.5ed0b031.js.map [32m200 [0m0.922 ms - 3350478[0m
08-24-2017 21:50 +02:00: [0mGET /service-worker.js [36m304 [0m0.290 ms - -[0m
08-24-2017 21:50 +02:00: [0mGET /secret [33m401 [0m1.447 ms - -[0m
08-24-2017 21:50 +02:00: [0mGET /static/js/main.5ed0b031.js.map [32m200 [0m0.615 ms - 3350478[0m
08-24-2017 21:50 +02:00: [0mGET /service-worker.js [32m200 [0m0.624 ms - 3152[0m
08-24-2017 21:50 +02:00: [0mGET /static/css/main.f8213fe9.css.map [32m200 [0m0.599 ms - 175141[0m
08-24-2017 21:50 +02:00: [0mGET /service-worker.js [36m304 [0m0.296 ms - -[0m
08-24-2017 21:50 +02:00: [0mPOST /signin [32m200 [0m221.902 ms - 165[0m
08-24-2017 21:50 +02:00: [0mGET /secret [32m200 [0m2.180 ms - 41[0m
08-24-2017 21:50 +02:00: [0mGET /secret [36m304 [0m1.344 ms - -[0m
08-24-2017 21:50 +02:00: [0mGET /service-worker.js [36m304 [0m0.654 ms - -[0m
08-24-2017 21:50 +02:00: [0mGET /favicon.ico [32m200 [0m0.795 ms - 24838[0m
08-24-2017 21:50 +02:00: [0mGET /service-worker.js [36m304 [0m0.500 ms - -[0m
